# JRE version: Java(TM) SE Runtime Environment (8.0_102-b14) (build 1.8.0_102-b14)
# Java VM: Java HotSpot(TM) 64-Bit Server VM (25.102-b14 mixed mode windows-amd64 compressed oops)
Heap:
 PSYoungGen      total 1648640K, used 1538017K [0x0000000715580000, 0x0000000780000000, 0x00000007c0000000)
  eden space 1641984K, 93% used [0x0000000715580000,0x0000000772d40768,0x0000000779900000)
  from space 6656K, 95% used [0x0000000779900000,0x0000000779f38070,0x0000000779f80000)
  to   space 59904K, 0% used [0x000000077c580000,0x000000077c580000,0x0000000780000000)
 ParOldGen       total 3495424K, used 77710K [0x00000005c0000000, 0x0000000695580000, 0x0000000715580000)
  object space 3495424K, 2% used [0x00000005c0000000,0x00000005c4be3a00,0x0000000695580000)
 Metaspace       used 23764K, capacity 23984K, committed 24064K, reserved 1071104K
  class space    used 2687K, capacity 2790K, committed 2816K, reserved 1048576K
GC Heap History (10 events):
Event: 130.373 GC heap before
{Heap before GC invocations=4 (full 1):
 PSYoungGen      total 1529344K, used 1357057K [0x0000000715580000, 0x0000000780000000, 0x00000007c0000000)
  eden space 1311232K, 100% used [0x0000000715580000,0x0000000765600000,0x0000000765600000)
  from space 218112K, 21% used [0x0000000772b00000,0x00000007757c0418,0x0000000780000000)
  to   space 218112K, 0% used [0x0000000765600000,0x0000000765600000,0x0000000772b00000)
 ParOldGen       total 3495424K, used 34693K [0x00000005c0000000, 0x0000000695580000, 0x0000000715580000)
  object space 3495424K, 0% used [0x00000005c0000000,0x00000005c21e1648,0x0000000695580000)
 Metaspace       used 23764K, capacity 23984K, committed 24064K, reserved 1071104K
  class space    used 2687K, capacity 2790K, committed 2816K, reserved 1048576K
Event: 130.390 GC heap after
Heap after GC invocations=4 (full 1):
 PSYoungGen      total 1529344K, used 45495K [0x0000000715580000, 0x0000000780000000, 0x00000007c0000000)
  eden space 1311232K, 0% used [0x0000000715580000,0x0000000715580000,0x0000000765600000)
  from space 218112K, 20% used [0x0000000765600000,0x000000076826dc28,0x0000000772b00000)
  to   space 218112K, 0% used [0x0000000772b00000,0x0000000772b00000,0x0000000780000000)
 ParOldGen       total 3495424K, used 34701K [0x00000005c0000000, 0x0000000695580000, 0x0000000715580000)
  object space 3495424K, 0% used [0x00000005c0000000,0x00000005c21e3648,0x0000000695580000)
 Metaspace       used 23764K, capacity 23984K, committed 24064K, reserved 1071104K
  class space    used 2687K, capacity 2790K, committed 2816K, reserved 1048576K
}
Event: 139.255 GC heap before
{Heap before GC invocations=5 (full 1):
 PSYoungGen      total 1529344K, used 1356727K [0x0000000715580000, 0x0000000780000000, 0x00000007c0000000)
  eden space 1311232K, 100% used [0x0000000715580000,0x0000000765600000,0x0000000765600000)
  from space 218112K, 20% used [0x0000000765600000,0x000000076826dc28,0x0000000772b00000)
  to   space 218112K, 0% used [0x0000000772b00000,0x0000000772b00000,0x0000000780000000)
 ParOldGen       total 3495424K, used 34701K [0x00000005c0000000, 0x0000000695580000, 0x0000000715580000)
  object space 3495424K, 0% used [0x00000005c0000000,0x00000005c21e3648,0x0000000695580000)
 Metaspace       used 23764K, capacity 23984K, committed 24064K, reserved 1071104K
  class space    used 2687K, capacity 2790K, committed 2816K, reserved 1048576K
Event: 139.272 GC heap after
Heap after GC invocations=5 (full 1):
 PSYoungGen      total 1529344K, used 46263K [0x0000000715580000, 0x0000000780000000, 0x00000007c0000000)
  eden space 1311232K, 0% used [0x0000000715580000,0x0000000715580000,0x0000000765600000)
  from space 218112K, 21% used [0x0000000772b00000,0x000000077582dc28,0x0000000780000000)
  to   space 218112K, 0% used [0x0000000765600000,0x0000000765600000,0x0000000772b00000)
 ParOldGen       total 3495424K, used 34701K [0x00000005c0000000, 0x0000000695580000, 0x0000000715580000)
  object space 3495424K, 0% used [0x00000005c0000000,0x00000005c21e3648,0x0000000695580000)
 Metaspace       used 23764K, capacity 23984K, committed 24064K, reserved 1071104K
  class space    used 2687K, capacity 2790K, committed 2816K, reserved 1048576K
}
Event: 147.393 GC heap before
{Heap before GC invocations=6 (full 1):
 PSYoungGen      total 1529344K, used 1357495K [0x0000000715580000, 0x0000000780000000, 0x00000007c0000000)
  eden space 1311232K, 100% used [0x0000000715580000,0x0000000765600000,0x0000000765600000)
  from space 218112K, 21% used [0x0000000772b00000,0x000000077582dc28,0x0000000780000000)
  to   space 218112K, 0% used [0x0000000765600000,0x0000000765600000,0x0000000772b00000)
 ParOldGen       total 3495424K, used 34701K [0x00000005c0000000, 0x0000000695580000, 0x0000000715580000)
  object space 3495424K, 0% used [0x00000005c0000000,0x00000005c21e3648,0x0000000695580000)
 Metaspace       used 23764K, capacity 23984K, committed 24064K, reserved 1071104K
  class space    used 2687K, capacity 2790K, committed 2816K, reserved 1048576K
Event: 147.411 GC heap after
Heap after GC invocations=6 (full 1):
 PSYoungGen      total 1529344K, used 46454K [0x0000000715580000, 0x0000000780000000, 0x00000007c0000000)
  eden space 1311232K, 0% used [0x0000000715580000,0x0000000715580000,0x0000000765600000)
  from space 218112K, 21% used [0x0000000765600000,0x000000076835dbe8,0x0000000772b00000)
  to   space 52224K, 0% used [0x000000077cd00000,0x000000077cd00000,0x0000000780000000)
 ParOldGen       total 3495424K, used 34701K [0x00000005c0000000, 0x0000000695580000, 0x0000000715580000)
  object space 3495424K, 0% used [0x00000005c0000000,0x00000005c21e3648,0x0000000695580000)
 Metaspace       used 23764K, capacity 23984K, committed 24064K, reserved 1071104K
  class space    used 2687K, capacity 2790K, committed 2816K, reserved 1048576K
}
Event: 156.126 GC heap before
{Heap before GC invocations=7 (full 1):
 PSYoungGen      total 1529344K, used 1357686K [0x0000000715580000, 0x0000000780000000, 0x00000007c0000000)
  eden space 1311232K, 100% used [0x0000000715580000,0x0000000765600000,0x0000000765600000)
  from space 218112K, 21% used [0x0000000765600000,0x000000076835dbe8,0x0000000772b00000)
  to   space 52224K, 0% used [0x000000077cd00000,0x000000077cd00000,0x0000000780000000)
 ParOldGen       total 3495424K, used 34701K [0x00000005c0000000, 0x0000000695580000, 0x0000000715580000)
  object space 3495424K, 0% used [0x00000005c0000000,0x00000005c21e3648,0x0000000695580000)
 Metaspace       used 23764K, capacity 23984K, committed 24064K, reserved 1071104K
  class space    used 2687K, capacity 2790K, committed 2816K, reserved 1048576K
Event: 156.149 GC heap after
Heap after GC invocations=7 (full 1):
 PSYoungGen      total 1694208K, used 47415K [0x0000000715580000, 0x0000000780000000, 0x00000007c0000000)
  eden space 1641984K, 0% used [0x0000000715580000,0x0000000715580000,0x0000000779900000)
  from space 52224K, 90% used [0x000000077cd00000,0x000000077fb4dc08,0x0000000780000000)
  to   space 52736K, 0% used [0x0000000779900000,0x0000000779900000,0x000000077cc80000)
 ParOldGen       total 3495424K, used 34701K [0x00000005c0000000, 0x0000000695580000, 0x0000000715580000)
  object space 3495424K, 0% used [0x00000005c0000000,0x00000005c21e3648,0x0000000695580000)
 Metaspace       used 23764K, capacity 23984K, committed 24064K, reserved 1071104K
  class space    used 2687K, capacity 2790K, committed 2816K, reserved 1048576K
}
Event: 169.123 GC heap before
{Heap before GC invocations=8 (full 1):
 PSYoungGen      total 1694208K, used 1689399K [0x0000000715580000, 0x0000000780000000, 0x00000007c0000000)
  eden space 1641984K, 100% used [0x0000000715580000,0x0000000779900000,0x0000000779900000)
  from space 52224K, 90% used [0x000000077cd00000,0x000000077fb4dc08,0x0000000780000000)
  to   space 52736K, 0% used [0x0000000779900000,0x0000000779900000,0x000000077cc80000)
 ParOldGen       total 3495424K, used 34701K [0x00000005c0000000, 0x0000000695580000, 0x0000000715580000)
  object space 3495424K, 0% used [0x00000005c0000000,0x00000005c21e3648,0x0000000695580000)
 Metaspace       used 23764K, capacity 23984K, committed 24064K, reserved 1071104K
  class space    used 2687K, capacity 2790K, committed 2816K, reserved 1048576K
Event: 169.151 GC heap after
Heap after GC invocations=8 (full 1):
 PSYoungGen      total 1648640K, used 6368K [0x0000000715580000, 0x0000000780000000, 0x00000007c0000000)
  eden space 1641984K, 0% used [0x0000000715580000,0x0000000715580000,0x0000000779900000)
  from space 6656K, 95% used [0x0000000779900000,0x0000000779f38070,0x0000000779f80000)
  to   space 59904K, 0% used [0x000000077c580000,0x000000077c580000,0x0000000780000000)
 ParOldGen       total 3495424K, used 77710K [0x00000005c0000000, 0x0000000695580000, 0x0000000715580000)
  object space 3495424K, 2% used [0x00000005c0000000,0x00000005c4be3a00,0x0000000695580000)
 Metaspace       used 23764K, capacity 23984K, committed 24064K, reserved 1071104K
  class space    used 2687K, capacity 2790K, committed 2816K, reserved 1048576K
}

