# JRE version: Java(TM) SE Runtime Environment (8.0_102-b14) (build 1.8.0_102-b14)
# Java VM: Java HotSpot(TM) 64-Bit Server VM (25.102-b14 mixed mode windows-amd64 compressed oops)
Heap:
 PSYoungGen      total 1529344K, used 1154204K [0x0000000715580000, 0x0000000780000000, 0x00000007c0000000)
  eden space 1311232K, 88% used [0x0000000715580000,0x000000075bca7240,0x0000000765600000)
  from space 218112K, 0% used [0x0000000765600000,0x0000000765600000,0x0000000772b00000)
  to   space 218112K, 0% used [0x0000000772b00000,0x0000000772b00000,0x0000000780000000)
 ParOldGen       total 3495424K, used 34685K [0x00000005c0000000, 0x0000000695580000, 0x0000000715580000)
  object space 3495424K, 0% used [0x00000005c0000000,0x00000005c21df620,0x0000000695580000)
 Metaspace       used 23798K, capacity 24052K, committed 24320K, reserved 1071104K
  class space    used 2687K, capacity 2790K, committed 2816K, reserved 1048576K
GC Heap History (4 events):
Event: 51.474 GC heap before
{Heap before GC invocations=1 (full 0):
 PSYoungGen      total 1529344K, used 262247K [0x0000000715580000, 0x0000000780000000, 0x00000007c0000000)
  eden space 1311232K, 20% used [0x0000000715580000,0x0000000725599c88,0x0000000765600000)
  from space 218112K, 0% used [0x0000000772b00000,0x0000000772b00000,0x0000000780000000)
  to   space 218112K, 0% used [0x0000000765600000,0x0000000765600000,0x0000000772b00000)
 ParOldGen       total 3495424K, used 0K [0x00000005c0000000, 0x0000000695580000, 0x0000000715580000)
  object space 3495424K, 0% used [0x00000005c0000000,0x00000005c0000000,0x0000000695580000)
 Metaspace       used 20994K, capacity 21166K, committed 21296K, reserved 1069056K
  class space    used 2343K, capacity 2405K, committed 2432K, reserved 1048576K
Event: 51.496 GC heap after
Heap after GC invocations=1 (full 0):
 PSYoungGen      total 1529344K, used 36636K [0x0000000715580000, 0x0000000780000000, 0x00000007c0000000)
  eden space 1311232K, 0% used [0x0000000715580000,0x0000000715580000,0x0000000765600000)
  from space 218112K, 16% used [0x0000000765600000,0x00000007679c7048,0x0000000772b00000)
  to   space 218112K, 0% used [0x0000000772b00000,0x0000000772b00000,0x0000000780000000)
 ParOldGen       total 3495424K, used 88K [0x00000005c0000000, 0x0000000695580000, 0x0000000715580000)
  object space 3495424K, 0% used [0x00000005c0000000,0x00000005c0016010,0x0000000695580000)
 Metaspace       used 20994K, capacity 21166K, committed 21296K, reserved 1069056K
  class space    used 2343K, capacity 2405K, committed 2432K, reserved 1048576K
}
Event: 51.497 GC heap before
{Heap before GC invocations=2 (full 1):
 PSYoungGen      total 1529344K, used 36636K [0x0000000715580000, 0x0000000780000000, 0x00000007c0000000)
  eden space 1311232K, 0% used [0x0000000715580000,0x0000000715580000,0x0000000765600000)
  from space 218112K, 16% used [0x0000000765600000,0x00000007679c7048,0x0000000772b00000)
  to   space 218112K, 0% used [0x0000000772b00000,0x0000000772b00000,0x0000000780000000)
 ParOldGen       total 3495424K, used 88K [0x00000005c0000000, 0x0000000695580000, 0x0000000715580000)
  object space 3495424K, 0% used [0x00000005c0000000,0x00000005c0016010,0x0000000695580000)
 Metaspace       used 20994K, capacity 21166K, committed 21296K, reserved 1069056K
  class space    used 2343K, capacity 2405K, committed 2432K, reserved 1048576K
Event: 51.526 GC heap after
Heap after GC invocations=2 (full 1):
 PSYoungGen      total 1529344K, used 0K [0x0000000715580000, 0x0000000780000000, 0x00000007c0000000)
  eden space 1311232K, 0% used [0x0000000715580000,0x0000000715580000,0x0000000765600000)
  from space 218112K, 0% used [0x0000000765600000,0x0000000765600000,0x0000000772b00000)
  to   space 218112K, 0% used [0x0000000772b00000,0x0000000772b00000,0x0000000780000000)
 ParOldGen       total 3495424K, used 34685K [0x00000005c0000000, 0x0000000695580000, 0x0000000715580000)
  object space 3495424K, 0% used [0x00000005c0000000,0x00000005c21df620,0x0000000695580000)
 Metaspace       used 20994K, capacity 21166K, committed 21296K, reserved 1069056K
  class space    used 2343K, capacity 2405K, committed 2432K, reserved 1048576K
}

