# JRE version: Java(TM) SE Runtime Environment (8.0_102-b14) (build 1.8.0_102-b14)
# Java VM: Java HotSpot(TM) 64-Bit Server VM (25.102-b14 mixed mode windows-amd64 compressed oops)
Heap:
 PSYoungGen      total 2128384K, used 1946673K [0x0000000715580000, 0x00000007b2b80000, 0x00000007c0000000)
  eden space 2082304K, 91% used [0x0000000715580000,0x00000007895ceb90,0x0000000794700000)
  from space 46080K, 99% used [0x000000079ae00000,0x000000079dabdc28,0x000000079db00000)
  to   space 218112K, 0% used [0x00000007a5680000,0x00000007a5680000,0x00000007b2b80000)
 ParOldGen       total 3495424K, used 34693K [0x00000005c0000000, 0x0000000695580000, 0x0000000715580000)
  object space 3495424K, 0% used [0x00000005c0000000,0x00000005c21e1690,0x0000000695580000)
 Metaspace       used 23808K, capacity 24048K, committed 24320K, reserved 1071104K
  class space    used 2687K, capacity 2790K, committed 2816K, reserved 1048576K
GC Heap History (8 events):
Event: 2.187 GC heap before
{Heap before GC invocations=1 (full 0):
 PSYoungGen      total 1529344K, used 262251K [0x0000000715580000, 0x0000000780000000, 0x00000007c0000000)
  eden space 1311232K, 20% used [0x0000000715580000,0x000000072559ac08,0x0000000765600000)
  from space 218112K, 0% used [0x0000000772b00000,0x0000000772b00000,0x0000000780000000)
  to   space 218112K, 0% used [0x0000000765600000,0x0000000765600000,0x0000000772b00000)
 ParOldGen       total 3495424K, used 0K [0x00000005c0000000, 0x0000000695580000, 0x0000000715580000)
  object space 3495424K, 0% used [0x00000005c0000000,0x00000005c0000000,0x0000000695580000)
 Metaspace       used 21011K, capacity 21162K, committed 21296K, reserved 1069056K
  class space    used 2342K, capacity 2405K, committed 2432K, reserved 1048576K
Event: 2.211 GC heap after
Heap after GC invocations=1 (full 0):
 PSYoungGen      total 1529344K, used 36615K [0x0000000715580000, 0x00000007c0000000, 0x00000007c0000000)
  eden space 1311232K, 0% used [0x0000000715580000,0x0000000715580000,0x0000000765600000)
  from space 218112K, 16% used [0x0000000765600000,0x00000007679c1df0,0x0000000772b00000)
  to   space 218112K, 0% used [0x00000007b2b00000,0x00000007b2b00000,0x00000007c0000000)
 ParOldGen       total 3495424K, used 88K [0x00000005c0000000, 0x0000000695580000, 0x0000000715580000)
  object space 3495424K, 0% used [0x00000005c0000000,0x00000005c0016010,0x0000000695580000)
 Metaspace       used 21011K, capacity 21162K, committed 21296K, reserved 1069056K
  class space    used 2342K, capacity 2405K, committed 2432K, reserved 1048576K
}
Event: 2.211 GC heap before
{Heap before GC invocations=2 (full 1):
 PSYoungGen      total 1529344K, used 36615K [0x0000000715580000, 0x00000007c0000000, 0x00000007c0000000)
  eden space 1311232K, 0% used [0x0000000715580000,0x0000000715580000,0x0000000765600000)
  from space 218112K, 16% used [0x0000000765600000,0x00000007679c1df0,0x0000000772b00000)
  to   space 218112K, 0% used [0x00000007b2b00000,0x00000007b2b00000,0x00000007c0000000)
 ParOldGen       total 3495424K, used 88K [0x00000005c0000000, 0x0000000695580000, 0x0000000715580000)
  object space 3495424K, 0% used [0x00000005c0000000,0x00000005c0016010,0x0000000695580000)
 Metaspace       used 21011K, capacity 21162K, committed 21296K, reserved 1069056K
  class space    used 2342K, capacity 2405K, committed 2432K, reserved 1048576K
Event: 2.243 GC heap after
Heap after GC invocations=2 (full 1):
 PSYoungGen      total 1529344K, used 0K [0x0000000715580000, 0x00000007c0000000, 0x00000007c0000000)
  eden space 1311232K, 0% used [0x0000000715580000,0x0000000715580000,0x0000000765600000)
  from space 218112K, 0% used [0x0000000765600000,0x0000000765600000,0x0000000772b00000)
  to   space 218112K, 0% used [0x00000007b2b00000,0x00000007b2b00000,0x00000007c0000000)
 ParOldGen       total 3495424K, used 34685K [0x00000005c0000000, 0x0000000695580000, 0x0000000715580000)
  object space 3495424K, 0% used [0x00000005c0000000,0x00000005c21df690,0x0000000695580000)
 Metaspace       used 21011K, capacity 21162K, committed 21296K, reserved 1069056K
  class space    used 2342K, capacity 2405K, committed 2432K, reserved 1048576K
}
Event: 18.899 GC heap before
{Heap before GC invocations=3 (full 1):
 PSYoungGen      total 1529344K, used 1311232K [0x0000000715580000, 0x00000007c0000000, 0x00000007c0000000)
  eden space 1311232K, 100% used [0x0000000715580000,0x0000000765600000,0x0000000765600000)
  from space 218112K, 0% used [0x0000000765600000,0x0000000765600000,0x0000000772b00000)
  to   space 218112K, 0% used [0x00000007b2b00000,0x00000007b2b00000,0x00000007c0000000)
 ParOldGen       total 3495424K, used 34685K [0x00000005c0000000, 0x0000000695580000, 0x0000000715580000)
  object space 3495424K, 0% used [0x00000005c0000000,0x00000005c21df690,0x0000000695580000)
 Metaspace       used 23808K, capacity 24048K, committed 24320K, reserved 1071104K
  class space    used 2687K, capacity 2790K, committed 2816K, reserved 1048576K
Event: 18.921 GC heap after
Heap after GC invocations=3 (full 1):
 PSYoungGen      total 1735168K, used 46000K [0x0000000715580000, 0x00000007b5800000, 0x00000007c0000000)
  eden space 1689088K, 0% used [0x0000000715580000,0x0000000715580000,0x000000077c700000)
  from space 46080K, 99% used [0x00000007b2b00000,0x00000007b57ec3f8,0x00000007b5800000)
  to   space 218112K, 0% used [0x000000079ae00000,0x000000079ae00000,0x00000007a8300000)
 ParOldGen       total 3495424K, used 34693K [0x00000005c0000000, 0x0000000695580000, 0x0000000715580000)
  object space 3495424K, 0% used [0x00000005c0000000,0x00000005c21e1690,0x0000000695580000)
 Metaspace       used 23808K, capacity 24048K, committed 24320K, reserved 1071104K
  class space    used 2687K, capacity 2790K, committed 2816K, reserved 1048576K
}
Event: 33.600 GC heap before
{Heap before GC invocations=4 (full 1):
 PSYoungGen      total 1735168K, used 1735088K [0x0000000715580000, 0x00000007b5800000, 0x00000007c0000000)
  eden space 1689088K, 100% used [0x0000000715580000,0x000000077c700000,0x000000077c700000)
  from space 46080K, 99% used [0x00000007b2b00000,0x00000007b57ec3f8,0x00000007b5800000)
  to   space 218112K, 0% used [0x000000079ae00000,0x000000079ae00000,0x00000007a8300000)
 ParOldGen       total 3495424K, used 34693K [0x00000005c0000000, 0x0000000695580000, 0x0000000715580000)
  object space 3495424K, 0% used [0x00000005c0000000,0x00000005c21e1690,0x0000000695580000)
 Metaspace       used 23808K, capacity 24048K, committed 24320K, reserved 1071104K
  class space    used 2687K, capacity 2790K, committed 2816K, reserved 1048576K
Event: 33.626 GC heap after
Heap after GC invocations=4 (full 1):
 PSYoungGen      total 2128384K, used 45815K [0x0000000715580000, 0x00000007b2b80000, 0x00000007c0000000)
  eden space 2082304K, 0% used [0x0000000715580000,0x0000000715580000,0x0000000794700000)
  from space 46080K, 99% used [0x000000079ae00000,0x000000079dabdc28,0x000000079db00000)
  to   space 218112K, 0% used [0x00000007a5680000,0x00000007a5680000,0x00000007b2b80000)
 ParOldGen       total 3495424K, used 34693K [0x00000005c0000000, 0x0000000695580000, 0x0000000715580000)
  object space 3495424K, 0% used [0x00000005c0000000,0x00000005c21e1690,0x0000000695580000)
 Metaspace       used 23808K, capacity 24048K, committed 24320K, reserved 1071104K
  class space    used 2687K, capacity 2790K, committed 2816K, reserved 1048576K
}

