# JRE version: Java(TM) SE Runtime Environment (8.0_101-b13) (build 1.8.0_101-b13)
# Java VM: Java HotSpot(TM) 64-Bit Server VM (25.101-b13 mixed mode windows-amd64 compressed oops)
Heap:
 PSYoungGen      total 37888K, used 7324K [0x000000076ae00000, 0x000000076d500000, 0x00000007c0000000)
  eden space 35840K, 16% used [0x000000076ae00000,0x000000076b39b260,0x000000076d100000)
  from space 2048K, 77% used [0x000000076d100000,0x000000076d28c010,0x000000076d300000)
  to   space 2048K, 0% used [0x000000076d300000,0x000000076d300000,0x000000076d500000)
 ParOldGen       total 126464K, used 22796K [0x00000006c0a00000, 0x00000006c8580000, 0x000000076ae00000)
  object space 126464K, 18% used [0x00000006c0a00000,0x00000006c2043040,0x00000006c8580000)
 Metaspace       used 25572K, capacity 25862K, committed 25984K, reserved 1073152K
  class space    used 2527K, capacity 2625K, committed 2688K, reserved 1048576K
GC Heap History (10 events):
Event: 291.289 GC heap before
{Heap before GC invocations=80 (full 1):
 PSYoungGen      total 37888K, used 37440K [0x000000076ae00000, 0x000000076d500000, 0x00000007c0000000)
  eden space 35840K, 100% used [0x000000076ae00000,0x000000076d100000,0x000000076d100000)
  from space 2048K, 78% used [0x000000076d300000,0x000000076d490020,0x000000076d500000)
  to   space 2048K, 0% used [0x000000076d100000,0x000000076d100000,0x000000076d300000)
 ParOldGen       total 126464K, used 22740K [0x00000006c0a00000, 0x00000006c8580000, 0x000000076ae00000)
  object space 126464K, 17% used [0x00000006c0a00000,0x00000006c2035040,0x00000006c8580000)
 Metaspace       used 25555K, capacity 25798K, committed 25984K, reserved 1073152K
  class space    used 2527K, capacity 2625K, committed 2688K, reserved 1048576K
Event: 291.291 GC heap after
Heap after GC invocations=80 (full 1):
 PSYoungGen      total 37888K, used 1584K [0x000000076ae00000, 0x000000076d500000, 0x00000007c0000000)
  eden space 35840K, 0% used [0x000000076ae00000,0x000000076ae00000,0x000000076d100000)
  from space 2048K, 77% used [0x000000076d100000,0x000000076d28c010,0x000000076d300000)
  to   space 2048K, 0% used [0x000000076d300000,0x000000076d300000,0x000000076d500000)
 ParOldGen       total 126464K, used 22740K [0x00000006c0a00000, 0x00000006c8580000, 0x000000076ae00000)
  object space 126464K, 17% used [0x00000006c0a00000,0x00000006c2035040,0x00000006c8580000)
 Metaspace       used 25555K, capacity 25798K, committed 25984K, reserved 1073152K
  class space    used 2527K, capacity 2625K, committed 2688K, reserved 1048576K
}
Event: 293.672 GC heap before
{Heap before GC invocations=81 (full 1):
 PSYoungGen      total 37888K, used 37424K [0x000000076ae00000, 0x000000076d500000, 0x00000007c0000000)
  eden space 35840K, 100% used [0x000000076ae00000,0x000000076d100000,0x000000076d100000)
  from space 2048K, 77% used [0x000000076d100000,0x000000076d28c010,0x000000076d300000)
  to   space 2048K, 0% used [0x000000076d300000,0x000000076d300000,0x000000076d500000)
 ParOldGen       total 126464K, used 22740K [0x00000006c0a00000, 0x00000006c8580000, 0x000000076ae00000)
  object space 126464K, 17% used [0x00000006c0a00000,0x00000006c2035040,0x00000006c8580000)
 Metaspace       used 25555K, capacity 25798K, committed 25984K, reserved 1073152K
  class space    used 2527K, capacity 2625K, committed 2688K, reserved 1048576K
Event: 293.674 GC heap after
Heap after GC invocations=81 (full 1):
 PSYoungGen      total 37888K, used 1680K [0x000000076ae00000, 0x000000076d500000, 0x00000007c0000000)
  eden space 35840K, 0% used [0x000000076ae00000,0x000000076ae00000,0x000000076d100000)
  from space 2048K, 82% used [0x000000076d300000,0x000000076d4a4010,0x000000076d500000)
  to   space 2048K, 0% used [0x000000076d100000,0x000000076d100000,0x000000076d300000)
 ParOldGen       total 126464K, used 22756K [0x00000006c0a00000, 0x00000006c8580000, 0x000000076ae00000)
  object space 126464K, 17% used [0x00000006c0a00000,0x00000006c2039040,0x00000006c8580000)
 Metaspace       used 25555K, capacity 25798K, committed 25984K, reserved 1073152K
  class space    used 2527K, capacity 2625K, committed 2688K, reserved 1048576K
}
Event: 296.056 GC heap before
{Heap before GC invocations=82 (full 1):
 PSYoungGen      total 37888K, used 37520K [0x000000076ae00000, 0x000000076d500000, 0x00000007c0000000)
  eden space 35840K, 100% used [0x000000076ae00000,0x000000076d100000,0x000000076d100000)
  from space 2048K, 82% used [0x000000076d300000,0x000000076d4a4010,0x000000076d500000)
  to   space 2048K, 0% used [0x000000076d100000,0x000000076d100000,0x000000076d300000)
 ParOldGen       total 126464K, used 22756K [0x00000006c0a00000, 0x00000006c8580000, 0x000000076ae00000)
  object space 126464K, 17% used [0x00000006c0a00000,0x00000006c2039040,0x00000006c8580000)
 Metaspace       used 25560K, capacity 25798K, committed 25984K, reserved 1073152K
  class space    used 2527K, capacity 2625K, committed 2688K, reserved 1048576K
Event: 296.058 GC heap after
Heap after GC invocations=82 (full 1):
 PSYoungGen      total 37888K, used 1632K [0x000000076ae00000, 0x000000076d500000, 0x00000007c0000000)
  eden space 35840K, 0% used [0x000000076ae00000,0x000000076ae00000,0x000000076d100000)
  from space 2048K, 79% used [0x000000076d100000,0x000000076d298020,0x000000076d300000)
  to   space 2048K, 0% used [0x000000076d300000,0x000000076d300000,0x000000076d500000)
 ParOldGen       total 126464K, used 22772K [0x00000006c0a00000, 0x00000006c8580000, 0x000000076ae00000)
  object space 126464K, 18% used [0x00000006c0a00000,0x00000006c203d040,0x00000006c8580000)
 Metaspace       used 25560K, capacity 25798K, committed 25984K, reserved 1073152K
  class space    used 2527K, capacity 2625K, committed 2688K, reserved 1048576K
}
Event: 298.424 GC heap before
{Heap before GC invocations=83 (full 1):
 PSYoungGen      total 37888K, used 37472K [0x000000076ae00000, 0x000000076d500000, 0x00000007c0000000)
  eden space 35840K, 100% used [0x000000076ae00000,0x000000076d100000,0x000000076d100000)
  from space 2048K, 79% used [0x000000076d100000,0x000000076d298020,0x000000076d300000)
  to   space 2048K, 0% used [0x000000076d300000,0x000000076d300000,0x000000076d500000)
 ParOldGen       total 126464K, used 22772K [0x00000006c0a00000, 0x00000006c8580000, 0x000000076ae00000)
  object space 126464K, 18% used [0x00000006c0a00000,0x00000006c203d040,0x00000006c8580000)
 Metaspace       used 25571K, capacity 25798K, committed 25984K, reserved 1073152K
  class space    used 2527K, capacity 2625K, committed 2688K, reserved 1048576K
Event: 298.426 GC heap after
Heap after GC invocations=83 (full 1):
 PSYoungGen      total 37888K, used 1584K [0x000000076ae00000, 0x000000076d500000, 0x00000007c0000000)
  eden space 35840K, 0% used [0x000000076ae00000,0x000000076ae00000,0x000000076d100000)
  from space 2048K, 77% used [0x000000076d300000,0x000000076d48c010,0x000000076d500000)
  to   space 2048K, 0% used [0x000000076d100000,0x000000076d100000,0x000000076d300000)
 ParOldGen       total 126464K, used 22796K [0x00000006c0a00000, 0x00000006c8580000, 0x000000076ae00000)
  object space 126464K, 18% used [0x00000006c0a00000,0x00000006c2043040,0x00000006c8580000)
 Metaspace       used 25571K, capacity 25798K, committed 25984K, reserved 1073152K
  class space    used 2527K, capacity 2625K, committed 2688K, reserved 1048576K
}
Event: 300.843 GC heap before
{Heap before GC invocations=84 (full 1):
 PSYoungGen      total 37888K, used 37424K [0x000000076ae00000, 0x000000076d500000, 0x00000007c0000000)
  eden space 35840K, 100% used [0x000000076ae00000,0x000000076d100000,0x000000076d100000)
  from space 2048K, 77% used [0x000000076d300000,0x000000076d48c010,0x000000076d500000)
  to   space 2048K, 0% used [0x000000076d100000,0x000000076d100000,0x000000076d300000)
 ParOldGen       total 126464K, used 22796K [0x00000006c0a00000, 0x00000006c8580000, 0x000000076ae00000)
  object space 126464K, 18% used [0x00000006c0a00000,0x00000006c2043040,0x00000006c8580000)
 Metaspace       used 25572K, capacity 25862K, committed 25984K, reserved 1073152K
  class space    used 2527K, capacity 2625K, committed 2688K, reserved 1048576K
Event: 300.845 GC heap after
Heap after GC invocations=84 (full 1):
 PSYoungGen      total 37888K, used 1584K [0x000000076ae00000, 0x000000076d500000, 0x00000007c0000000)
  eden space 35840K, 0% used [0x000000076ae00000,0x000000076ae00000,0x000000076d100000)
  from space 2048K, 77% used [0x000000076d100000,0x000000076d28c010,0x000000076d300000)
  to   space 2048K, 0% used [0x000000076d300000,0x000000076d300000,0x000000076d500000)
 ParOldGen       total 126464K, used 22796K [0x00000006c0a00000, 0x00000006c8580000, 0x000000076ae00000)
  object space 126464K, 18% used [0x00000006c0a00000,0x00000006c2043040,0x00000006c8580000)
 Metaspace       used 25572K, capacity 25862K, committed 25984K, reserved 1073152K
  class space    used 2527K, capacity 2625K, committed 2688K, reserved 1048576K
}

