# JRE version: Java(TM) SE Runtime Environment (8.0_102-b14) (build 1.8.0_102-b14)
# Java VM: Java HotSpot(TM) 64-Bit Server VM (25.102-b14 mixed mode windows-amd64 compressed oops)
Heap:
 PSYoungGen      total 1691648K, used 1003545K [0x00000006eab00000, 0x0000000755580000, 0x00000007c0000000)
  eden space 1639424K, 60% used [0x00000006eab00000,0x0000000727366428,0x000000074ec00000)
  from space 52224K, 22% used [0x000000074ec00000,0x000000074f7a0090,0x0000000751f00000)
  to   space 49152K, 0% used [0x0000000752580000,0x0000000752580000,0x0000000755580000)
 ParOldGen       total 3495424K, used 74946K [0x0000000540000000, 0x0000000615580000, 0x00000006eab00000)
  object space 3495424K, 2% used [0x0000000540000000,0x0000000544930990,0x0000000615580000)
 Metaspace       used 21848K, capacity 22000K, committed 22320K, reserved 1069056K
  class space    used 2257K, capacity 2342K, committed 2432K, reserved 1048576K
GC Heap History (10 events):
Event: 121.079 GC heap before
{Heap before GC invocations=8 (full 1):
 PSYoungGen      total 1678848K, used 1612000K [0x00000006eab00000, 0x0000000755580000, 0x00000007c0000000)
  eden space 1604608K, 100% used [0x00000006eab00000,0x000000074ca00000,0x000000074ca00000)
  from space 74240K, 9% used [0x0000000750d00000,0x0000000751438090,0x0000000755580000)
  to   space 68608K, 0% used [0x000000074ca00000,0x000000074ca00000,0x0000000750d00000)
 ParOldGen       total 3495424K, used 74946K [0x0000000540000000, 0x0000000615580000, 0x00000006eab00000)
  object space 3495424K, 2% used [0x0000000540000000,0x0000000544930990,0x0000000615580000)
 Metaspace       used 21848K, capacity 22000K, committed 22320K, reserved 1069056K
  class space    used 2257K, capacity 2342K, committed 2432K, reserved 1048576K
Event: 121.085 GC heap after
Heap after GC invocations=8 (full 1):
 PSYoungGen      total 1673216K, used 8736K [0x00000006eab00000, 0x0000000755580000, 0x00000007c0000000)
  eden space 1604608K, 0% used [0x00000006eab00000,0x00000006eab00000,0x000000074ca00000)
  from space 68608K, 12% used [0x000000074ca00000,0x000000074d288090,0x0000000750d00000)
  to   space 63488K, 0% used [0x0000000751780000,0x0000000751780000,0x0000000755580000)
 ParOldGen       total 3495424K, used 74946K [0x0000000540000000, 0x0000000615580000, 0x00000006eab00000)
  object space 3495424K, 2% used [0x0000000540000000,0x0000000544930990,0x0000000615580000)
 Metaspace       used 21848K, capacity 22000K, committed 22320K, reserved 1069056K
  class space    used 2257K, capacity 2342K, committed 2432K, reserved 1048576K
}
Event: 132.741 GC heap before
{Heap before GC invocations=9 (full 1):
 PSYoungGen      total 1673216K, used 1613344K [0x00000006eab00000, 0x0000000755580000, 0x00000007c0000000)
  eden space 1604608K, 100% used [0x00000006eab00000,0x000000074ca00000,0x000000074ca00000)
  from space 68608K, 12% used [0x000000074ca00000,0x000000074d288090,0x0000000750d00000)
  to   space 63488K, 0% used [0x0000000751780000,0x0000000751780000,0x0000000755580000)
 ParOldGen       total 3495424K, used 74946K [0x0000000540000000, 0x0000000615580000, 0x00000006eab00000)
  object space 3495424K, 2% used [0x0000000540000000,0x0000000544930990,0x0000000615580000)
 Metaspace       used 21848K, capacity 22000K, committed 22320K, reserved 1069056K
  class space    used 2257K, capacity 2342K, committed 2432K, reserved 1048576K
Event: 132.747 GC heap after
Heap after GC invocations=9 (full 1):
 PSYoungGen      total 1688064K, used 9696K [0x00000006eab00000, 0x0000000755580000, 0x00000007c0000000)
  eden space 1624576K, 0% used [0x00000006eab00000,0x00000006eab00000,0x000000074dd80000)
  from space 63488K, 15% used [0x0000000751780000,0x00000007520f8090,0x0000000755580000)
  to   space 59392K, 0% used [0x000000074dd80000,0x000000074dd80000,0x0000000751780000)
 ParOldGen       total 3495424K, used 74946K [0x0000000540000000, 0x0000000615580000, 0x00000006eab00000)
  object space 3495424K, 2% used [0x0000000540000000,0x0000000544930990,0x0000000615580000)
 Metaspace       used 21848K, capacity 22000K, committed 22320K, reserved 1069056K
  class space    used 2257K, capacity 2342K, committed 2432K, reserved 1048576K
}
Event: 145.431 GC heap before
{Heap before GC invocations=10 (full 1):
 PSYoungGen      total 1688064K, used 1634272K [0x00000006eab00000, 0x0000000755580000, 0x00000007c0000000)
  eden space 1624576K, 100% used [0x00000006eab00000,0x000000074dd80000,0x000000074dd80000)
  from space 63488K, 15% used [0x0000000751780000,0x00000007520f8090,0x0000000755580000)
  to   space 59392K, 0% used [0x000000074dd80000,0x000000074dd80000,0x0000000751780000)
 ParOldGen       total 3495424K, used 74946K [0x0000000540000000, 0x0000000615580000, 0x00000006eab00000)
  object space 3495424K, 2% used [0x0000000540000000,0x0000000544930990,0x0000000615580000)
 Metaspace       used 21848K, capacity 22000K, committed 22320K, reserved 1069056K
  class space    used 2257K, capacity 2342K, committed 2432K, reserved 1048576K
Event: 145.439 GC heap after
Heap after GC invocations=10 (full 1):
 PSYoungGen      total 1683968K, used 9664K [0x00000006eab00000, 0x0000000755580000, 0x00000007c0000000)
  eden space 1624576K, 0% used [0x00000006eab00000,0x00000006eab00000,0x000000074dd80000)
  from space 59392K, 16% used [0x000000074dd80000,0x000000074e6f0090,0x0000000751780000)
  to   space 55808K, 0% used [0x0000000751f00000,0x0000000751f00000,0x0000000755580000)
 ParOldGen       total 3495424K, used 74946K [0x0000000540000000, 0x0000000615580000, 0x00000006eab00000)
  object space 3495424K, 2% used [0x0000000540000000,0x0000000544930990,0x0000000615580000)
 Metaspace       used 21848K, capacity 22000K, committed 22320K, reserved 1069056K
  class space    used 2257K, capacity 2342K, committed 2432K, reserved 1048576K
}
Event: 156.454 GC heap before
{Heap before GC invocations=11 (full 1):
 PSYoungGen      total 1683968K, used 1634240K [0x00000006eab00000, 0x0000000755580000, 0x00000007c0000000)
  eden space 1624576K, 100% used [0x00000006eab00000,0x000000074dd80000,0x000000074dd80000)
  from space 59392K, 16% used [0x000000074dd80000,0x000000074e6f0090,0x0000000751780000)
  to   space 55808K, 0% used [0x0000000751f00000,0x0000000751f00000,0x0000000755580000)
 ParOldGen       total 3495424K, used 74946K [0x0000000540000000, 0x0000000615580000, 0x00000006eab00000)
  object space 3495424K, 2% used [0x0000000540000000,0x0000000544930990,0x0000000615580000)
 Metaspace       used 21848K, capacity 22000K, committed 22320K, reserved 1069056K
  class space    used 2257K, capacity 2342K, committed 2432K, reserved 1048576K
Event: 156.460 GC heap after
Heap after GC invocations=11 (full 1):
 PSYoungGen      total 1695232K, used 11488K [0x00000006eab00000, 0x0000000755580000, 0x00000007c0000000)
  eden space 1639424K, 0% used [0x00000006eab00000,0x00000006eab00000,0x000000074ec00000)
  from space 55808K, 20% used [0x0000000751f00000,0x0000000752a38090,0x0000000755580000)
  to   space 52224K, 0% used [0x000000074ec00000,0x000000074ec00000,0x0000000751f00000)
 ParOldGen       total 3495424K, used 74946K [0x0000000540000000, 0x0000000615580000, 0x00000006eab00000)
  object space 3495424K, 2% used [0x0000000540000000,0x0000000544930990,0x0000000615580000)
 Metaspace       used 21848K, capacity 22000K, committed 22320K, reserved 1069056K
  class space    used 2257K, capacity 2342K, committed 2432K, reserved 1048576K
}
Event: 165.950 GC heap before
{Heap before GC invocations=12 (full 1):
 PSYoungGen      total 1695232K, used 1650912K [0x00000006eab00000, 0x0000000755580000, 0x00000007c0000000)
  eden space 1639424K, 100% used [0x00000006eab00000,0x000000074ec00000,0x000000074ec00000)
  from space 55808K, 20% used [0x0000000751f00000,0x0000000752a38090,0x0000000755580000)
  to   space 52224K, 0% used [0x000000074ec00000,0x000000074ec00000,0x0000000751f00000)
 ParOldGen       total 3495424K, used 74946K [0x0000000540000000, 0x0000000615580000, 0x00000006eab00000)
  object space 3495424K, 2% used [0x0000000540000000,0x0000000544930990,0x0000000615580000)
 Metaspace       used 21848K, capacity 22000K, committed 22320K, reserved 1069056K
  class space    used 2257K, capacity 2342K, committed 2432K, reserved 1048576K
Event: 165.956 GC heap after
Heap after GC invocations=12 (full 1):
 PSYoungGen      total 1691648K, used 11904K [0x00000006eab00000, 0x0000000755580000, 0x00000007c0000000)
  eden space 1639424K, 0% used [0x00000006eab00000,0x00000006eab00000,0x000000074ec00000)
  from space 52224K, 22% used [0x000000074ec00000,0x000000074f7a0090,0x0000000751f00000)
  to   space 49152K, 0% used [0x0000000752580000,0x0000000752580000,0x0000000755580000)
 ParOldGen       total 3495424K, used 74946K [0x0000000540000000, 0x0000000615580000, 0x00000006eab00000)
  object space 3495424K, 2% used [0x0000000540000000,0x0000000544930990,0x0000000615580000)
 Metaspace       used 21848K, capacity 22000K, committed 22320K, reserved 1069056K
  class space    used 2257K, capacity 2342K, committed 2432K, reserved 1048576K
}

