# JRE version: Java(TM) SE Runtime Environment (8.0_101-b13) (build 1.8.0_101-b13)
# Java VM: Java HotSpot(TM) 64-Bit Server VM (25.101-b13 mixed mode windows-amd64 compressed oops)
Heap:
 PSYoungGen      total 76288K, used 7323K [0x000000076ae00000, 0x0000000773900000, 0x00000007c0000000)
  eden space 65536K, 9% used [0x000000076ae00000,0x000000076b3e6088,0x000000076ee00000)
  from space 10752K, 11% used [0x000000076ee00000,0x000000076ef40c88,0x000000076f880000)
  to   space 10752K, 0% used [0x0000000772e80000,0x0000000772e80000,0x0000000773900000)
 ParOldGen       total 124416K, used 20695K [0x00000006c0a00000, 0x00000006c8380000, 0x000000076ae00000)
  object space 124416K, 16% used [0x00000006c0a00000,0x00000006c1e35de8,0x00000006c8380000)
 Metaspace       used 21995K, capacity 22254K, committed 22576K, reserved 1069056K
  class space    used 2516K, capacity 2611K, committed 2688K, reserved 1048576K
GC Heap History (8 events):
Event: 0.796 GC heap before
{Heap before GC invocations=1 (full 0):
 PSYoungGen      total 76288K, used 65536K [0x000000076ae00000, 0x0000000770300000, 0x00000007c0000000)
  eden space 65536K, 100% used [0x000000076ae00000,0x000000076ee00000,0x000000076ee00000)
  from space 10752K, 0% used [0x000000076f880000,0x000000076f880000,0x0000000770300000)
  to   space 10752K, 0% used [0x000000076ee00000,0x000000076ee00000,0x000000076f880000)
 ParOldGen       total 175104K, used 0K [0x00000006c0a00000, 0x00000006cb500000, 0x000000076ae00000)
  object space 175104K, 0% used [0x00000006c0a00000,0x00000006c0a00000,0x00000006cb500000)
 Metaspace       used 14809K, capacity 15020K, committed 15360K, reserved 1062912K
  class space    used 1621K, capacity 1728K, committed 1792K, reserved 1048576K
Event: 0.807 GC heap after
Heap after GC invocations=1 (full 0):
 PSYoungGen      total 76288K, used 10734K [0x000000076ae00000, 0x0000000774300000, 0x00000007c0000000)
  eden space 65536K, 0% used [0x000000076ae00000,0x000000076ae00000,0x000000076ee00000)
  from space 10752K, 99% used [0x000000076ee00000,0x000000076f87b958,0x000000076f880000)
  to   space 10752K, 0% used [0x0000000773880000,0x0000000773880000,0x0000000774300000)
 ParOldGen       total 175104K, used 7113K [0x00000006c0a00000, 0x00000006cb500000, 0x000000076ae00000)
  object space 175104K, 4% used [0x00000006c0a00000,0x00000006c10f2560,0x00000006cb500000)
 Metaspace       used 14809K, capacity 15020K, committed 15360K, reserved 1062912K
  class space    used 1621K, capacity 1728K, committed 1792K, reserved 1048576K
}
Event: 3.552 GC heap before
{Heap before GC invocations=2 (full 0):
 PSYoungGen      total 76288K, used 70408K [0x000000076ae00000, 0x0000000774300000, 0x00000007c0000000)
  eden space 65536K, 91% used [0x000000076ae00000,0x000000076e846730,0x000000076ee00000)
  from space 10752K, 99% used [0x000000076ee00000,0x000000076f87b958,0x000000076f880000)
  to   space 10752K, 0% used [0x0000000773880000,0x0000000773880000,0x0000000774300000)
 ParOldGen       total 175104K, used 7113K [0x00000006c0a00000, 0x00000006cb500000, 0x000000076ae00000)
  object space 175104K, 4% used [0x00000006c0a00000,0x00000006c10f2560,0x00000006cb500000)
 Metaspace       used 20871K, capacity 21050K, committed 21296K, reserved 1069056K
  class space    used 2486K, capacity 2565K, committed 2688K, reserved 1048576K
Event: 3.562 GC heap after
Heap after GC invocations=2 (full 0):
 PSYoungGen      total 76288K, used 10733K [0x000000076ae00000, 0x0000000774300000, 0x00000007c0000000)
  eden space 65536K, 0% used [0x000000076ae00000,0x000000076ae00000,0x000000076ee00000)
  from space 10752K, 99% used [0x0000000773880000,0x00000007742fb4e0,0x0000000774300000)
  to   space 10752K, 0% used [0x000000076ee00000,0x000000076ee00000,0x000000076f880000)
 ParOldGen       total 175104K, used 17858K [0x00000006c0a00000, 0x00000006cb500000, 0x000000076ae00000)
  object space 175104K, 10% used [0x00000006c0a00000,0x00000006c1b70940,0x00000006cb500000)
 Metaspace       used 20871K, capacity 21050K, committed 21296K, reserved 1069056K
  class space    used 2486K, capacity 2565K, committed 2688K, reserved 1048576K
}
Event: 3.562 GC heap before
{Heap before GC invocations=3 (full 1):
 PSYoungGen      total 76288K, used 10733K [0x000000076ae00000, 0x0000000774300000, 0x00000007c0000000)
  eden space 65536K, 0% used [0x000000076ae00000,0x000000076ae00000,0x000000076ee00000)
  from space 10752K, 99% used [0x0000000773880000,0x00000007742fb4e0,0x0000000774300000)
  to   space 10752K, 0% used [0x000000076ee00000,0x000000076ee00000,0x000000076f880000)
 ParOldGen       total 175104K, used 17858K [0x00000006c0a00000, 0x00000006cb500000, 0x000000076ae00000)
  object space 175104K, 10% used [0x00000006c0a00000,0x00000006c1b70940,0x00000006cb500000)
 Metaspace       used 20871K, capacity 21050K, committed 21296K, reserved 1069056K
  class space    used 2486K, capacity 2565K, committed 2688K, reserved 1048576K
Event: 3.582 GC heap after
Heap after GC invocations=3 (full 1):
 PSYoungGen      total 76288K, used 0K [0x000000076ae00000, 0x0000000774300000, 0x00000007c0000000)
  eden space 65536K, 0% used [0x000000076ae00000,0x000000076ae00000,0x000000076ee00000)
  from space 10752K, 0% used [0x0000000773880000,0x0000000773880000,0x0000000774300000)
  to   space 10752K, 0% used [0x000000076ee00000,0x000000076ee00000,0x000000076f880000)
 ParOldGen       total 124416K, used 20687K [0x00000006c0a00000, 0x00000006c8380000, 0x000000076ae00000)
  object space 124416K, 16% used [0x00000006c0a00000,0x00000006c1e33de8,0x00000006c8380000)
 Metaspace       used 20871K, capacity 21050K, committed 21296K, reserved 1069056K
  class space    used 2486K, capacity 2565K, committed 2688K, reserved 1048576K
}
Event: 8.283 GC heap before
{Heap before GC invocations=4 (full 1):
 PSYoungGen      total 76288K, used 65536K [0x000000076ae00000, 0x0000000774300000, 0x00000007c0000000)
  eden space 65536K, 100% used [0x000000076ae00000,0x000000076ee00000,0x000000076ee00000)
  from space 10752K, 0% used [0x0000000773880000,0x0000000773880000,0x0000000774300000)
  to   space 10752K, 0% used [0x000000076ee00000,0x000000076ee00000,0x000000076f880000)
 ParOldGen       total 124416K, used 20687K [0x00000006c0a00000, 0x00000006c8380000, 0x000000076ae00000)
  object space 124416K, 16% used [0x00000006c0a00000,0x00000006c1e33de8,0x00000006c8380000)
 Metaspace       used 21967K, capacity 22190K, committed 22320K, reserved 1069056K
  class space    used 2516K, capacity 2611K, committed 2688K, reserved 1048576K
Event: 8.286 GC heap after
Heap after GC invocations=4 (full 1):
 PSYoungGen      total 76288K, used 1283K [0x000000076ae00000, 0x0000000773900000, 0x00000007c0000000)
  eden space 65536K, 0% used [0x000000076ae00000,0x000000076ae00000,0x000000076ee00000)
  from space 10752K, 11% used [0x000000076ee00000,0x000000076ef40c88,0x000000076f880000)
  to   space 10752K, 0% used [0x0000000772e80000,0x0000000772e80000,0x0000000773900000)
 ParOldGen       total 124416K, used 20695K [0x00000006c0a00000, 0x00000006c8380000, 0x000000076ae00000)
  object space 124416K, 16% used [0x00000006c0a00000,0x00000006c1e35de8,0x00000006c8380000)
 Metaspace       used 21967K, capacity 22190K, committed 22320K, reserved 1069056K
  class space    used 2516K, capacity 2611K, committed 2688K, reserved 1048576K
}

