# JRE version: Java(TM) SE Runtime Environment (8.0_101-b13) (build 1.8.0_101-b13)
# Java VM: Java HotSpot(TM) 64-Bit Server VM (25.101-b13 mixed mode windows-amd64 compressed oops)
Heap:
 PSYoungGen      total 19968K, used 7166K [0x000000076ae00000, 0x000000076cf00000, 0x00000007c0000000)
  eden space 12800K, 0% used [0x000000076ae00000,0x000000076ae00000,0x000000076ba80000)
  from space 7168K, 99% used [0x000000076ba80000,0x000000076c17f990,0x000000076c180000)
  to   space 9216K, 0% used [0x000000076c600000,0x000000076c600000,0x000000076cf00000)
 ParOldGen       total 11264K, used 10416K [0x00000006c0a00000, 0x00000006c1500000, 0x000000076ae00000)
  object space 11264K, 92% used [0x00000006c0a00000,0x00000006c142c260,0x00000006c1500000)
 Metaspace       used 13193K, capacity 13378K, committed 13568K, reserved 1060864K
  class space    used 1423K, capacity 1462K, committed 1536K, reserved 1048576K
GC Heap History (10 events):
Event: 0.439 GC heap after
Heap after GC invocations=6 (full 0):
 PSYoungGen      total 12800K, used 2043K [0x000000076ae00000, 0x000000076c100000, 0x00000007c0000000)
  eden space 10752K, 0% used [0x000000076ae00000,0x000000076ae00000,0x000000076b880000)
  from space 2048K, 99% used [0x000000076bc00000,0x000000076bdfeec8,0x000000076be00000)
  to   space 3584K, 0% used [0x000000076b880000,0x000000076b880000,0x000000076bc00000)
 ParOldGen       total 5632K, used 4765K [0x00000006c0a00000, 0x00000006c0f80000, 0x000000076ae00000)
  object space 5632K, 84% used [0x00000006c0a00000,0x00000006c0ea7680,0x00000006c0f80000)
 Metaspace       used 7621K, capacity 8372K, committed 8704K, reserved 1056768K
  class space    used 908K, capacity 944K, committed 1024K, reserved 1048576K
}
Event: 0.439 GC heap before
{Heap before GC invocations=7 (full 1):
 PSYoungGen      total 12800K, used 2043K [0x000000076ae00000, 0x000000076c100000, 0x00000007c0000000)
  eden space 10752K, 0% used [0x000000076ae00000,0x000000076ae00000,0x000000076b880000)
  from space 2048K, 99% used [0x000000076bc00000,0x000000076bdfeec8,0x000000076be00000)
  to   space 3584K, 0% used [0x000000076b880000,0x000000076b880000,0x000000076bc00000)
 ParOldGen       total 5632K, used 4765K [0x00000006c0a00000, 0x00000006c0f80000, 0x000000076ae00000)
  object space 5632K, 84% used [0x00000006c0a00000,0x00000006c0ea7680,0x00000006c0f80000)
 Metaspace       used 7621K, capacity 8372K, committed 8704K, reserved 1056768K
  class space    used 908K, capacity 944K, committed 1024K, reserved 1048576K
Event: 0.468 GC heap after
Heap after GC invocations=7 (full 1):
 PSYoungGen      total 12800K, used 1006K [0x000000076ae00000, 0x000000076c100000, 0x00000007c0000000)
  eden space 10752K, 0% used [0x000000076ae00000,0x000000076ae00000,0x000000076b880000)
  from space 2048K, 49% used [0x000000076bc00000,0x000000076bcfb9b8,0x000000076be00000)
  to   space 3584K, 0% used [0x000000076b880000,0x000000076b880000,0x000000076bc00000)
 ParOldGen       total 11264K, used 5508K [0x00000006c0a00000, 0x00000006c1500000, 0x000000076ae00000)
  object space 11264K, 48% used [0x00000006c0a00000,0x00000006c0f61390,0x00000006c1500000)
 Metaspace       used 7621K, capacity 8372K, committed 8704K, reserved 1056768K
  class space    used 908K, capacity 944K, committed 1024K, reserved 1048576K
}
Event: 0.564 GC heap before
{Heap before GC invocations=8 (full 1):
 PSYoungGen      total 12800K, used 11758K [0x000000076ae00000, 0x000000076c100000, 0x00000007c0000000)
  eden space 10752K, 100% used [0x000000076ae00000,0x000000076b880000,0x000000076b880000)
  from space 2048K, 49% used [0x000000076bc00000,0x000000076bcfb9b8,0x000000076be00000)
  to   space 3584K, 0% used [0x000000076b880000,0x000000076b880000,0x000000076bc00000)
 ParOldGen       total 11264K, used 5508K [0x00000006c0a00000, 0x00000006c1500000, 0x000000076ae00000)
  object space 11264K, 48% used [0x00000006c0a00000,0x00000006c0f61390,0x00000006c1500000)
 Metaspace       used 7819K, capacity 8564K, committed 8704K, reserved 1056768K
  class space    used 923K, capacity 944K, committed 1024K, reserved 1048576K
Event: 0.567 GC heap after
Heap after GC invocations=8 (full 1):
 PSYoungGen      total 14336K, used 3576K [0x000000076ae00000, 0x000000076c700000, 0x00000007c0000000)
  eden space 10752K, 0% used [0x000000076ae00000,0x000000076ae00000,0x000000076b880000)
  from space 3584K, 99% used [0x000000076b880000,0x000000076bbfe308,0x000000076bc00000)
  to   space 5632K, 0% used [0x000000076c180000,0x000000076c180000,0x000000076c700000)
 ParOldGen       total 11264K, used 8012K [0x00000006c0a00000, 0x00000006c1500000, 0x000000076ae00000)
  object space 11264K, 71% used [0x00000006c0a00000,0x00000006c11d3180,0x00000006c1500000)
 Metaspace       used 7819K, capacity 8564K, committed 8704K, reserved 1056768K
  class space    used 923K, capacity 944K, committed 1024K, reserved 1048576K
}
Event: 0.715 GC heap before
{Heap before GC invocations=9 (full 1):
 PSYoungGen      total 14336K, used 14287K [0x000000076ae00000, 0x000000076c700000, 0x00000007c0000000)
  eden space 10752K, 99% used [0x000000076ae00000,0x000000076b875af0,0x000000076b880000)
  from space 3584K, 99% used [0x000000076b880000,0x000000076bbfe308,0x000000076bc00000)
  to   space 5632K, 0% used [0x000000076c180000,0x000000076c180000,0x000000076c700000)
 ParOldGen       total 11264K, used 8012K [0x00000006c0a00000, 0x00000006c1500000, 0x000000076ae00000)
  object space 11264K, 71% used [0x00000006c0a00000,0x00000006c11d3180,0x00000006c1500000)
 Metaspace       used 9239K, capacity 9756K, committed 10112K, reserved 1058816K
  class space    used 1024K, capacity 1044K, committed 1152K, reserved 1048576K
Event: 0.718 GC heap after
Heap after GC invocations=9 (full 1):
 PSYoungGen      total 18432K, used 5601K [0x000000076ae00000, 0x000000076ca00000, 0x00000007c0000000)
  eden space 12800K, 0% used [0x000000076ae00000,0x000000076ae00000,0x000000076ba80000)
  from space 5632K, 99% used [0x000000076c180000,0x000000076c6f8640,0x000000076c700000)
  to   space 7168K, 0% used [0x000000076ba80000,0x000000076ba80000,0x000000076c180000)
 ParOldGen       total 11264K, used 8509K [0x00000006c0a00000, 0x00000006c1500000, 0x000000076ae00000)
  object space 11264K, 75% used [0x00000006c0a00000,0x00000006c124f7c0,0x00000006c1500000)
 Metaspace       used 9239K, capacity 9756K, committed 10112K, reserved 1058816K
  class space    used 1024K, capacity 1044K, committed 1152K, reserved 1048576K
}
Event: 0.830 GC heap before
{Heap before GC invocations=10 (full 1):
 PSYoungGen      total 18432K, used 18401K [0x000000076ae00000, 0x000000076ca00000, 0x00000007c0000000)
  eden space 12800K, 100% used [0x000000076ae00000,0x000000076ba80000,0x000000076ba80000)
  from space 5632K, 99% used [0x000000076c180000,0x000000076c6f8640,0x000000076c700000)
  to   space 7168K, 0% used [0x000000076ba80000,0x000000076ba80000,0x000000076c180000)
 ParOldGen       total 11264K, used 8509K [0x00000006c0a00000, 0x00000006c1500000, 0x000000076ae00000)
  object space 11264K, 75% used [0x00000006c0a00000,0x00000006c124f7c0,0x00000006c1500000)
 Metaspace       used 13193K, capacity 13378K, committed 13568K, reserved 1060864K
  class space    used 1423K, capacity 1462K, committed 1536K, reserved 1048576K
Event: 0.835 GC heap after
Heap after GC invocations=10 (full 1):
 PSYoungGen      total 19968K, used 7166K [0x000000076ae00000, 0x000000076cf00000, 0x00000007c0000000)
  eden space 12800K, 0% used [0x000000076ae00000,0x000000076ae00000,0x000000076ba80000)
  from space 7168K, 99% used [0x000000076ba80000,0x000000076c17f990,0x000000076c180000)
  to   space 9216K, 0% used [0x000000076c600000,0x000000076c600000,0x000000076cf00000)
 ParOldGen       total 11264K, used 10416K [0x00000006c0a00000, 0x00000006c1500000, 0x000000076ae00000)
  object space 11264K, 92% used [0x00000006c0a00000,0x00000006c142c260,0x00000006c1500000)
 Metaspace       used 13193K, capacity 13378K, committed 13568K, reserved 1060864K
  class space    used 1423K, capacity 1462K, committed 1536K, reserved 1048576K
}
Event: 0.835 GC heap before
{Heap before GC invocations=11 (full 2):
 PSYoungGen      total 19968K, used 7166K [0x000000076ae00000, 0x000000076cf00000, 0x00000007c0000000)
  eden space 12800K, 0% used [0x000000076ae00000,0x000000076ae00000,0x000000076ba80000)
  from space 7168K, 99% used [0x000000076ba80000,0x000000076c17f990,0x000000076c180000)
  to   space 9216K, 0% used [0x000000076c600000,0x000000076c600000,0x000000076cf00000)
 ParOldGen       total 11264K, used 10416K [0x00000006c0a00000, 0x00000006c1500000, 0x000000076ae00000)
  object space 11264K, 92% used [0x00000006c0a00000,0x00000006c142c260,0x00000006c1500000)
 Metaspace       used 13193K, capacity 13378K, committed 13568K, reserved 1060864K
  class space    used 1423K, capacity 1462K, committed 1536K, reserved 1048576K

