# JRE version: Java(TM) SE Runtime Environment (8.0_102-b14) (build 1.8.0_102-b14)
# Java VM: Java HotSpot(TM) 64-Bit Server VM (25.102-b14 mixed mode windows-amd64 compressed oops)
Heap:
 PSYoungGen      total 20480K, used 20266K [0x000000076b400000, 0x000000076d500000, 0x00000007c0000000)
  eden space 15872K, 100% used [0x000000076b400000,0x000000076c380000,0x000000076c380000)
  from space 4608K, 95% used [0x000000076d080000,0x000000076d4ca880,0x000000076d500000)
  to   space 6144K, 99% used [0x000000076c900000,0x000000076cefcd50,0x000000076cf00000)
 ParOldGen       total 14336K, used 8694K [0x00000006c1c00000, 0x00000006c2a00000, 0x000000076b400000)
  object space 14336K, 60% used [0x00000006c1c00000,0x00000006c247d8b8,0x00000006c2a00000)
 Metaspace       used 9737K, capacity 10208K, committed 10368K, reserved 1058816K
  class space    used 1077K, capacity 1108K, committed 1152K, reserved 1048576K
GC Heap History (10 events):
Event: 0.346 GC heap after
Heap after GC invocations=5 (full 0):
 PSYoungGen      total 6656K, used 500K [0x000000076b400000, 0x000000076c400000, 0x00000007c0000000)
  eden space 6144K, 0% used [0x000000076b400000,0x000000076b400000,0x000000076ba00000)
  from space 512K, 97% used [0x000000076ba00000,0x000000076ba7d030,0x000000076ba80000)
  to   space 2048K, 0% used [0x000000076c200000,0x000000076c200000,0x000000076c400000)
 ParOldGen       total 5632K, used 2076K [0x00000006c1c00000, 0x00000006c2180000, 0x000000076b400000)
  object space 5632K, 36% used [0x00000006c1c00000,0x00000006c1e070d8,0x00000006c2180000)
 Metaspace       used 7207K, capacity 8116K, committed 8448K, reserved 1056768K
  class space    used 886K, capacity 944K, committed 1024K, reserved 1048576K
}
Event: 0.444 GC heap before
{Heap before GC invocations=6 (full 0):
 PSYoungGen      total 6656K, used 6644K [0x000000076b400000, 0x000000076c400000, 0x00000007c0000000)
  eden space 6144K, 100% used [0x000000076b400000,0x000000076ba00000,0x000000076ba00000)
  from space 512K, 97% used [0x000000076ba00000,0x000000076ba7d030,0x000000076ba80000)
  to   space 2048K, 0% used [0x000000076c200000,0x000000076c200000,0x000000076c400000)
 ParOldGen       total 5632K, used 2076K [0x00000006c1c00000, 0x00000006c2180000, 0x000000076b400000)
  object space 5632K, 36% used [0x00000006c1c00000,0x00000006c1e070d8,0x00000006c2180000)
 Metaspace       used 7458K, capacity 8308K, committed 8448K, reserved 1056768K
  class space    used 892K, capacity 944K, committed 1024K, reserved 1048576K
Event: 0.446 GC heap after
Heap after GC invocations=6 (full 0):
 PSYoungGen      total 13824K, used 2036K [0x000000076b400000, 0x000000076c500000, 0x00000007c0000000)
  eden space 11776K, 0% used [0x000000076b400000,0x000000076b400000,0x000000076bf80000)
  from space 2048K, 99% used [0x000000076c200000,0x000000076c3fd088,0x000000076c400000)
  to   space 2560K, 0% used [0x000000076bf80000,0x000000076bf80000,0x000000076c200000)
 ParOldGen       total 5632K, used 2332K [0x00000006c1c00000, 0x00000006c2180000, 0x000000076b400000)
  object space 5632K, 41% used [0x00000006c1c00000,0x00000006c1e470d8,0x00000006c2180000)
 Metaspace       used 7458K, capacity 8308K, committed 8448K, reserved 1056768K
  class space    used 892K, capacity 944K, committed 1024K, reserved 1048576K
}
Event: 0.539 GC heap before
{Heap before GC invocations=7 (full 0):
 PSYoungGen      total 13824K, used 13812K [0x000000076b400000, 0x000000076c500000, 0x00000007c0000000)
  eden space 11776K, 100% used [0x000000076b400000,0x000000076bf80000,0x000000076bf80000)
  from space 2048K, 99% used [0x000000076c200000,0x000000076c3fd088,0x000000076c400000)
  to   space 2560K, 0% used [0x000000076bf80000,0x000000076bf80000,0x000000076c200000)
 ParOldGen       total 5632K, used 2332K [0x00000006c1c00000, 0x00000006c2180000, 0x000000076b400000)
  object space 5632K, 41% used [0x00000006c1c00000,0x00000006c1e470d8,0x00000006c2180000)
 Metaspace       used 7591K, capacity 8372K, committed 8704K, reserved 1056768K
  class space    used 901K, capacity 944K, committed 1024K, reserved 1048576K
Event: 0.544 GC heap after
Heap after GC invocations=7 (full 0):
 PSYoungGen      total 14336K, used 2533K [0x000000076b400000, 0x000000076d600000, 0x00000007c0000000)
  eden space 11776K, 0% used [0x000000076b400000,0x000000076b400000,0x000000076bf80000)
  from space 2560K, 98% used [0x000000076bf80000,0x000000076c1f95b8,0x000000076c200000)
  to   space 5632K, 0% used [0x000000076d080000,0x000000076d080000,0x000000076d600000)
 ParOldGen       total 8704K, used 7447K [0x00000006c1c00000, 0x00000006c2480000, 0x000000076b400000)
  object space 8704K, 85% used [0x00000006c1c00000,0x00000006c2345f48,0x00000006c2480000)
 Metaspace       used 7591K, capacity 8372K, committed 8704K, reserved 1056768K
  class space    used 901K, capacity 944K, committed 1024K, reserved 1048576K
}
Event: 0.544 GC heap before
{Heap before GC invocations=8 (full 1):
 PSYoungGen      total 14336K, used 2533K [0x000000076b400000, 0x000000076d600000, 0x00000007c0000000)
  eden space 11776K, 0% used [0x000000076b400000,0x000000076b400000,0x000000076bf80000)
  from space 2560K, 98% used [0x000000076bf80000,0x000000076c1f95b8,0x000000076c200000)
  to   space 5632K, 0% used [0x000000076d080000,0x000000076d080000,0x000000076d600000)
 ParOldGen       total 8704K, used 7447K [0x00000006c1c00000, 0x00000006c2480000, 0x000000076b400000)
  object space 8704K, 85% used [0x00000006c1c00000,0x00000006c2345f48,0x00000006c2480000)
 Metaspace       used 7591K, capacity 8372K, committed 8704K, reserved 1056768K
  class space    used 901K, capacity 944K, committed 1024K, reserved 1048576K
Event: 0.578 GC heap after
Heap after GC invocations=8 (full 1):
 PSYoungGen      total 14336K, used 484K [0x000000076b400000, 0x000000076d600000, 0x00000007c0000000)
  eden space 11776K, 0% used [0x000000076b400000,0x000000076b400000,0x000000076bf80000)
  from space 2560K, 18% used [0x000000076bf80000,0x000000076bff9338,0x000000076c200000)
  to   space 5632K, 0% used [0x000000076d080000,0x000000076d080000,0x000000076d600000)
 ParOldGen       total 14336K, used 8342K [0x00000006c1c00000, 0x00000006c2a00000, 0x000000076b400000)
  object space 14336K, 58% used [0x00000006c1c00000,0x00000006c24258b8,0x00000006c2a00000)
 Metaspace       used 7591K, capacity 8372K, committed 8704K, reserved 1056768K
  class space    used 901K, capacity 944K, committed 1024K, reserved 1048576K
}
Event: 0.738 GC heap before
{Heap before GC invocations=9 (full 1):
 PSYoungGen      total 14336K, used 12260K [0x000000076b400000, 0x000000076d600000, 0x00000007c0000000)
  eden space 11776K, 100% used [0x000000076b400000,0x000000076bf80000,0x000000076bf80000)
  from space 2560K, 18% used [0x000000076bf80000,0x000000076bff9338,0x000000076c200000)
  to   space 5632K, 0% used [0x000000076d080000,0x000000076d080000,0x000000076d600000)
 ParOldGen       total 14336K, used 8342K [0x00000006c1c00000, 0x00000006c2a00000, 0x000000076b400000)
  object space 14336K, 58% used [0x00000006c1c00000,0x00000006c24258b8,0x00000006c2a00000)
 Metaspace       used 8030K, capacity 8756K, committed 8960K, reserved 1056768K
  class space    used 920K, capacity 944K, committed 1024K, reserved 1048576K
Event: 0.741 GC heap after
Heap after GC invocations=9 (full 1):
 PSYoungGen      total 20480K, used 4394K [0x000000076b400000, 0x000000076d500000, 0x00000007c0000000)
  eden space 15872K, 0% used [0x000000076b400000,0x000000076b400000,0x000000076c380000)
  from space 4608K, 95% used [0x000000076d080000,0x000000076d4ca880,0x000000076d500000)
  to   space 6144K, 0% used [0x000000076c900000,0x000000076c900000,0x000000076cf00000)
 ParOldGen       total 14336K, used 8350K [0x00000006c1c00000, 0x00000006c2a00000, 0x000000076b400000)
  object space 14336K, 58% used [0x00000006c1c00000,0x00000006c24278b8,0x00000006c2a00000)
 Metaspace       used 8030K, capacity 8756K, committed 8960K, reserved 1056768K
  class space    used 920K, capacity 944K, committed 1024K, reserved 1048576K
}
Event: 1.171 GC heap before
{Heap before GC invocations=10 (full 1):
 PSYoungGen      total 20480K, used 20266K [0x000000076b400000, 0x000000076d500000, 0x00000007c0000000)
  eden space 15872K, 100% used [0x000000076b400000,0x000000076c380000,0x000000076c380000)
  from space 4608K, 95% used [0x000000076d080000,0x000000076d4ca880,0x000000076d500000)
  to   space 6144K, 0% used [0x000000076c900000,0x000000076c900000,0x000000076cf00000)
 ParOldGen       total 14336K, used 8350K [0x00000006c1c00000, 0x00000006c2a00000, 0x000000076b400000)
  object space 14336K, 58% used [0x00000006c1c00000,0x00000006c24278b8,0x00000006c2a00000)
 Metaspace       used 9737K, capacity 10208K, committed 10368K, reserved 1058816K
  class space    used 1077K, capacity 1108K, committed 1152K, reserved 1048576K

